Running: /home/almu/Xilinx/14.7/ISE_DS/ISE/bin/lin64/unwrapped/fuse -intstyle ise -incremental -o /media/almu/D0A6-2E60/Practica5/Test_Pr5_isim_beh.exe -prj /media/almu/D0A6-2E60/Practica5/Test_Pr5_beh.prj work.Test_Pr5 
ISim P.20131013 (signature 0xfbc00daa)
Number of CPUs detected in this system: 4
Turning on mult-threading, number of parallel sub-compilation jobs: 8 
Determining compilation order of HDL files
Parsing VHDL file "/media/almu/D0A6-2E60/Practica5/Practica5.vhd" into library work
Parsing VHDL file "/media/almu/D0A6-2E60/Practica5/Test_Pr5.vhd" into library work
Starting static elaboration
Completed static elaboration
Fuse Memory Usage: 96220 KB
Fuse CPU Usage: 1150 ms
Compiling package standard
Compiling package std_logic_1164
Compiling package std_logic_arith
Compiling package std_logic_unsigned
Compiling architecture behavioral of entity Practica5 [practica5_default]
Compiling architecture behavior of entity test_pr5
Time Resolution for simulation is 1ps.
Waiting for 1 sub-compilation(s) to finish...
Compiled 7 VHDL Units
Built simulation executable /media/almu/D0A6-2E60/Practica5/Test_Pr5_isim_beh.exe
Fuse Memory Usage: 668524 KB
Fuse CPU Usage: 1260 ms
GCC CPU Usage: 2120 ms
